ysa9894 started Angora on 03/15/23 03:34:21PM
    Estimated to finish on 03/18/23 01:29:40AM
    Estimated duration : 9 hours, 55 minutes and 19 seconds.
    Simulation finished on 03/15/23 03:40:02PM
    Elapsed time : 5 minutes and 41 seconds.
ysa9894 started Angora on 03/15/23 03:49:01PM
    Estimated to finish on 03/13/23 02:40:17PM
    Estimated duration : 22 hours, 51 minutes and 16 seconds.
    Simulation finished on 03/15/23 03:54:04PM
    Elapsed time : 5 minutes and 3 seconds.
ysa9894 started Angora on 03/15/23 03:54:04PM
    Estimated to finish on 03/16/23 04:35:19PM
    Estimated duration : 41 minutes and 15 seconds.
    Simulation finished on 03/15/23 04:00:08PM
    Elapsed time : 6 minutes and 4 seconds.
ysa9894 started Angora on 03/15/23 04:00:08PM
    Estimated to finish on 03/16/23 10:20:51AM
    Estimated duration : 18 hours, 20 minutes and 43 seconds.
    Simulation finished on 03/15/23 04:06:04PM
    Elapsed time : 5 minutes and 56 seconds.
ysa9894 started Angora on 03/15/23 04:06:04PM
    Estimated to finish on 03/16/23 05:43:21PM
    Estimated duration : 1 hours, 37 minutes and 17 seconds.
    Simulation finished on 03/15/23 04:11:09PM
    Elapsed time : 5 minutes and 5 seconds.
ysa9894 started Angora on 03/15/23 04:11:09PM
    Estimated to finish on 03/11/23 11:34:36AM
    Estimated duration : 20 hours, 23 minutes and 27 seconds.
    Simulation finished on 03/15/23 04:16:55PM
    Elapsed time : 5 minutes and 46 seconds.
ysa9894 started Angora on 03/15/23 04:16:55PM
    Estimated to finish on 03/16/23 02:07:19PM
    Estimated duration : 21 hours, 50 minutes and 24 seconds.
    Simulation finished on 03/15/23 04:22:47PM
    Elapsed time : 5 minutes and 52 seconds.
ysa9894 started Angora on 03/15/23 04:22:47PM
    Estimated to finish on 03/16/23 08:44:35PM
    Estimated duration : 4 hours, 21 minutes and 48 seconds.
    Simulation finished on 03/15/23 04:28:19PM
    Elapsed time : 5 minutes and 32 seconds.
ysa9894 started Angora on 03/15/23 04:28:19PM
    Estimated to finish on 03/15/23 04:33:53PM
    Estimated duration : 5 minutes and 34 seconds.
    Simulation finished on 03/15/23 04:36:01PM
    Elapsed time : 7 minutes and 42 seconds.
ysa9894 started Angora on 03/15/23 04:36:01PM
    Estimated to finish on 03/15/23 11:02:55AM
    Estimated duration : 18 hours, 26 minutes and 54 seconds.
    Simulation finished on 03/15/23 04:41:15PM
    Elapsed time : 5 minutes and 14 seconds.
ysa9894 started Angora on 03/15/23 04:41:15PM
    Estimated to finish on 03/13/23 10:17:32AM
    Estimated duration : 17 hours, 36 minutes and 17 seconds.
    Simulation finished on 03/15/23 04:48:15PM
    Elapsed time : 7 minutes and 0 seconds.
ysa9894 started Angora on 03/15/23 04:48:15PM
    Estimated to finish on 03/16/23 09:01:56PM
    Estimated duration : 4 hours, 13 minutes and 41 seconds.
    Simulation finished on 03/15/23 04:56:08PM
    Elapsed time : 7 minutes and 53 seconds.
ysa9894 started Angora on 03/15/23 04:56:09PM
    Estimated to finish on 03/16/23 03:49:08AM
    Estimated duration : 10 hours, 52 minutes and 59 seconds.
    Simulation finished on 03/15/23 05:03:04PM
    Elapsed time : 6 minutes and 55 seconds.
ysa9894 started Angora on 03/15/23 05:03:05PM
    Estimated to finish on 03/16/23 12:57:33PM
    Estimated duration : 19 hours, 54 minutes and 28 seconds.
    Simulation finished on 03/15/23 05:09:36PM
    Elapsed time : 6 minutes and 31 seconds.
ysa9894 started Angora on 03/15/23 05:09:36PM
    Estimated to finish on 03/13/23 05:48:17PM
    Estimated duration : 38 minutes and 41 seconds.
    Simulation finished on 03/15/23 05:18:03PM
    Elapsed time : 8 minutes and 27 seconds.
ysa9894 started Angora on 03/15/23 05:18:03PM
    Estimated to finish on 03/15/23 03:59:12PM
    Estimated duration : 22 hours, 41 minutes and 9 seconds.
    Simulation finished on 03/15/23 05:25:16PM
    Elapsed time : 7 minutes and 13 seconds.
ysa9894 started Angora on 03/15/23 05:25:17PM
    Estimated to finish on 03/16/23 06:37:55PM
    Estimated duration : 1 hours, 12 minutes and 38 seconds.
    Simulation finished on 03/15/23 05:31:01PM
    Elapsed time : 5 minutes and 44 seconds.
ysa9894 started Angora on 03/15/23 05:31:01PM
    Estimated to finish on 03/17/23 01:13:27AM
    Estimated duration : 7 hours, 42 minutes and 26 seconds.
    Simulation finished on 03/15/23 05:37:02PM
    Elapsed time : 6 minutes and 1 seconds.
ysa9894 started Angora on 03/15/23 05:37:02PM
    Estimated to finish on 03/12/23 02:21:15PM
    Estimated duration : 20 hours, 44 minutes and 13 seconds.
    Simulation finished on 03/15/23 05:43:07PM
    Elapsed time : 6 minutes and 5 seconds.
ysa9894 started Angora on 03/15/23 05:43:07PM
    Estimated to finish on 03/16/23 11:22:49AM
    Estimated duration : 17 hours, 39 minutes and 42 seconds.
    Simulation finished on 03/15/23 05:49:39PM
    Elapsed time : 6 minutes and 32 seconds.
ysa9894 started Angora on 03/15/23 05:49:39PM
    Estimated to finish on 03/11/23 04:22:32PM
    Estimated duration : 23 hours, 32 minutes and 53 seconds.
    Simulation finished on 03/15/23 05:55:25PM
    Elapsed time : 5 minutes and 46 seconds.
